<?xml version="1.0" encoding="UTF-8"?>
<!-- Generated by org.testng.reporters.JUnitReportReporter -->
<testsuite hostname="DESKTOP-3QO46GV" failures="0" tests="1" name="session03.Test_PostMethod" time="5.133" errors="0" timestamp="2024-03-16T19:10:37 IST" skipped="0">
  <testcase classname="session03.Test_PostMethod" name="test03" time="5.133"/>
  <system-out/>
</testsuite> <!-- session03.Test_PostMethod -->
