<?xml version="1.0" encoding="UTF-8"?>
<!-- Generated by org.testng.reporters.JUnitReportReporter -->
<testsuite hostname="DESKTOP-3QO46GV" failures="0" tests="2" name="session03.Test_GetMethod" time="4.115" errors="0" timestamp="2024-03-16T19:08:18 IST" skipped="0">
  <testcase classname="session03.Test_GetMethod" name="test01" time="3.753"/>
  <system-out/>
  <testcase classname="session03.Test_GetMethod" name="test02" time="0.362"/>
  <system-out/>
</testsuite> <!-- session03.Test_GetMethod -->
