<?xml version="1.0" encoding="UTF-8"?>
<!-- Generated by org.testng.reporters.JUnitReportReporter -->
<testsuite hostname="DESKTOP-3QO46GV" failures="0" tests="1" name="FirstGetRequest" time="4.112" errors="0" timestamp="2024-03-16T19:03:30 IST" skipped="0">
  <testcase classname="FirstGetRequest" name="testcase01" time="4.112"/>
  <system-out/>
</testsuite> <!-- FirstGetRequest -->
