<?xml version="1.0" encoding="UTF-8"?>
<!-- Generated by org.testng.reporters.JUnitReportReporter -->
<testsuite hostname="DESKTOP-3QO46GV" failures="0" tests="2" name="Session15.JsonObjecUsingJavaMapDemo" time="13.711" errors="0" timestamp="2024-03-24T20:23:12 IST" skipped="1">
  <testcase classname="Session15.JsonObjecUsingJavaMapDemo" name="createUser" time="13.711"/>
  <system-out/>
  <testcase classname="Session15.JsonObjecUsingJavaMapDemo" name="createAuthToken">
    <skipped/>
  </testcase> <!-- createAuthToken -->
  <system-out/>
</testsuite> <!-- Session15.JsonObjecUsingJavaMapDemo -->
